<?xml version="1.0" encoding="UTF-8"?>
<!-- Generated by org.testng.reporters.JUnitReportReporter -->
<testsuite hostname="LAPTOP-NNCVQDB5" failures="0" tests="1" name="com.vtech.testbase.TestBase" time="11.366" errors="0" timestamp="2024-04-20T14:14:00 IST" skipped="0">
  <testcase classname="com.vtech.testbase.TestBase" name="loginTest" time="11.366"/>
</testsuite> <!-- com.vtech.testbase.TestBase -->
