<?xml version="1.0" encoding="UTF-8"?>
<!-- Generated by org.testng.reporters.JUnitReportReporter -->
<testsuite hostname="LAPTOP-NNCVQDB5" failures="0" tests="3" name="com.vtech.testcase.HomePageTC" time="2.659" errors="0" timestamp="2024-04-30T11:15:09 IST" skipped="0">
  <testcase classname="com.vtech.testcase.HomePageTC" name="varifyUserLandendOnHomePage" time="0.227"/>
  <testcase classname="com.vtech.testcase.HomePageTC" name="validateManagerId" time="0.063"/>
  <testcase classname="com.vtech.testcase.HomePageTC" name="varifyLogoutFunctionality" time="2.369"/>
</testsuite> <!-- com.vtech.testcase.HomePageTC -->
